This is pdfTeX, Version 3.14159265-2.6-1.40.19 (TeX Live 2018) (preloaded format=pdflatex 2018.4.28)  20 APR 2020 16:09
entering extended mode
 restricted \write18 enabled.
 file:line:error style messages enabled.
 %&-line parsing enabled.
**3p1.tex
(./3p1.tex
LaTeX2e <2018-04-01> patch level 2
Babel <3.18> and hyphenation patterns for 84 language(s) loaded.
(./iopart.cls
Document Class: iopart 1996/06/10 v0.0 IOP Journals LaTeX article class
(./iopart12.clo
File: iopart12.clo 1997/01/15 v1.0 LaTeX2e file (size option)
)
\c@jnl=\count80
\c@section=\count81
\c@subsection=\count82
\c@subsubsection=\count83
\c@paragraph=\count84
\c@subparagraph=\count85
\c@figure=\count86
\c@table=\count87
\abovecaptionskip=\skip41
\belowcaptionskip=\skip42
\indentedwidth=\skip43
\mathindent=\dimen102
\c@eqnval=\count88
) (./iopams.sty
Package: iopams 1997/02/13 v1.0

(/usr/local/texlive/2018/texmf-dist/tex/latex/amsmath/amsgen.sty
File: amsgen.sty 1999/11/30 v2.0 generic functions
\@emptytoks=\toks14
\ex@=\dimen103
)
(/usr/local/texlive/2018/texmf-dist/tex/latex/amsfonts/amsfonts.sty
Package: amsfonts 2013/01/14 v3.01 Basic AMSFonts support
\symAMSa=\mathgroup4
\symAMSb=\mathgroup5
LaTeX Font Info:    Overwriting math alphabet `\mathfrak' in version `bold'
(Font)                  U/euf/m/n --> U/euf/b/n on input line 106.
)
(/usr/local/texlive/2018/texmf-dist/tex/latex/amsfonts/amssymb.sty
Package: amssymb 2013/01/14 v3.01 AMS font symbols
)
(/usr/local/texlive/2018/texmf-dist/tex/latex/amsmath/amsbsy.sty
Package: amsbsy 1999/11/29 v1.2d Bold Symbols
\pmbraise@=\dimen104
))
(/usr/local/texlive/2018/texmf-dist/tex/latex/graphics/graphicx.sty
Package: graphicx 2017/06/01 v1.1a Enhanced LaTeX Graphics (DPC,SPQR)

(/usr/local/texlive/2018/texmf-dist/tex/latex/graphics/keyval.sty
Package: keyval 2014/10/28 v1.15 key=value parser (DPC)
\KV@toks@=\toks15
)
(/usr/local/texlive/2018/texmf-dist/tex/latex/graphics/graphics.sty
Package: graphics 2017/06/25 v1.2c Standard LaTeX Graphics (DPC,SPQR)

(/usr/local/texlive/2018/texmf-dist/tex/latex/graphics/trig.sty
Package: trig 2016/01/03 v1.10 sin cos tan (DPC)
)
(/usr/local/texlive/2018/texmf-dist/tex/latex/graphics-cfg/graphics.cfg
File: graphics.cfg 2016/06/04 v1.11 sample graphics configuration
)
Package graphics Info: Driver file: pdftex.def on input line 99.

(/usr/local/texlive/2018/texmf-dist/tex/latex/graphics-def/pdftex.def
File: pdftex.def 2018/01/08 v1.0l Graphics/color driver for pdftex
))
\Gin@req@height=\dimen105
\Gin@req@width=\dimen106
)
(/usr/local/texlive/2018/texmf-dist/tex/latex/subfig/subfig.sty
Package: subfig 2005/06/28 ver: 1.3 subfig package

(/usr/local/texlive/2018/texmf-dist/tex/latex/caption/caption.sty
Package: caption 2016/02/21 v3.3-144 Customizing captions (AR)

(/usr/local/texlive/2018/texmf-dist/tex/latex/caption/caption3.sty
Package: caption3 2016/05/22 v1.7-166 caption3 kernel (AR)
Package caption3 Info: TeX engine: e-TeX on input line 67.
\captionmargin=\dimen107
\captionmargin@=\dimen108
\captionwidth=\dimen109
\caption@tempdima=\dimen110
\caption@indent=\dimen111
\caption@parindent=\dimen112
\caption@hangindent=\dimen113
Package caption Info: Unknown document class (or package),
(caption)             standard defaults will be used.
)

Package caption Warning: Unsupported document class (or package) detected,
(caption)                usage of the caption package is not recommended.
See the caption package documentation for explanation.

Package caption Info: \@makecaption = \long macro:#1#2->\vskip \abovecaptionski
p \begin {indented} \item []{\bf #1.} #2 \end {indented}\vskip \belowcaptionski
p .
\c@ContinuedFloat=\count89
)
\c@KVtest=\count90
\sf@farskip=\skip44
\sf@captopadj=\dimen114
\sf@capskip=\skip45
\sf@nearskip=\skip46
\c@subfigure=\count91
\c@subfigure@save=\count92
\c@lofdepth=\count93
\c@subtable=\count94
\c@subtable@save=\count95
\c@lotdepth=\count96
\sf@top=\skip47
\sf@bottom=\skip48
) (./3p1.aux)
\openout1 = `3p1.aux'.

LaTeX Font Info:    Checking defaults for OML/cmm/m/it on input line 7.
LaTeX Font Info:    ... okay on input line 7.
LaTeX Font Info:    Checking defaults for T1/cmr/m/n on input line 7.
LaTeX Font Info:    ... okay on input line 7.
LaTeX Font Info:    Checking defaults for OT1/cmr/m/n on input line 7.
LaTeX Font Info:    ... okay on input line 7.
LaTeX Font Info:    Checking defaults for OMS/cmsy/m/n on input line 7.
LaTeX Font Info:    ... okay on input line 7.
LaTeX Font Info:    Checking defaults for OMX/cmex/m/n on input line 7.
LaTeX Font Info:    ... okay on input line 7.
LaTeX Font Info:    Checking defaults for U/cmr/m/n on input line 7.
LaTeX Font Info:    ... okay on input line 7.

(/usr/local/texlive/2018/texmf-dist/tex/context/base/mkii/supp-pdf.mkii
[Loading MPS to PDF converter (version 2006.09.02).]
\scratchcounter=\count97
\scratchdimen=\dimen115
\scratchbox=\box26
\nofMPsegments=\count98
\nofMParguments=\count99
\everyMPshowfont=\toks16
\MPscratchCnt=\count100
\MPscratchDim=\dimen116
\MPnumerator=\count101
\makeMPintoPDFobject=\count102
\everyMPtoPDFconversion=\toks17
) (/usr/local/texlive/2018/texmf-dist/tex/latex/oberdiek/epstopdf-base.sty
Package: epstopdf-base 2016/05/15 v2.6 Base part for package epstopdf

(/usr/local/texlive/2018/texmf-dist/tex/generic/oberdiek/infwarerr.sty
Package: infwarerr 2016/05/16 v1.4 Providing info/warning/error messages (HO)
)
(/usr/local/texlive/2018/texmf-dist/tex/latex/oberdiek/grfext.sty
Package: grfext 2016/05/16 v1.2 Manage graphics extensions (HO)

(/usr/local/texlive/2018/texmf-dist/tex/generic/oberdiek/kvdefinekeys.sty
Package: kvdefinekeys 2016/05/16 v1.4 Define keys (HO)

(/usr/local/texlive/2018/texmf-dist/tex/generic/oberdiek/ltxcmds.sty
Package: ltxcmds 2016/05/16 v1.23 LaTeX kernel commands for general use (HO)
)))
(/usr/local/texlive/2018/texmf-dist/tex/latex/oberdiek/kvoptions.sty
Package: kvoptions 2016/05/16 v3.12 Key value format for package options (HO)

(/usr/local/texlive/2018/texmf-dist/tex/generic/oberdiek/kvsetkeys.sty
Package: kvsetkeys 2016/05/16 v1.17 Key value parser (HO)

(/usr/local/texlive/2018/texmf-dist/tex/generic/oberdiek/etexcmds.sty
Package: etexcmds 2016/05/16 v1.6 Avoid name clashes with e-TeX commands (HO)

(/usr/local/texlive/2018/texmf-dist/tex/generic/oberdiek/ifluatex.sty
Package: ifluatex 2016/05/16 v1.4 Provides the ifluatex switch (HO)
Package ifluatex Info: LuaTeX not detected.
)
Package etexcmds Info: Could not find \expanded.
(etexcmds)             That can mean that you are not using pdfTeX 1.50 or
(etexcmds)             that some package has redefined \expanded.
(etexcmds)             In the latter case, load this package earlier.
)))
(/usr/local/texlive/2018/texmf-dist/tex/generic/oberdiek/pdftexcmds.sty
Package: pdftexcmds 2018/01/30 v0.27 Utility functions of pdfTeX for LuaTeX (HO
)

(/usr/local/texlive/2018/texmf-dist/tex/generic/oberdiek/ifpdf.sty
Package: ifpdf 2017/03/15 v3.2 Provides the ifpdf switch
)
Package pdftexcmds Info: LuaTeX not detected.
Package pdftexcmds Info: \pdf@primitive is available.
Package pdftexcmds Info: \pdf@ifprimitive is available.
Package pdftexcmds Info: \pdfdraftmode found.
)
Package epstopdf-base Info: Redefining graphics rule for `.eps' on input line 4
38.
Package grfext Info: Graphics extension search list:
(grfext)             [.pdf,.png,.jpg,.mps,.jpeg,.jbig2,.jb2,.PDF,.PNG,.JPG,.JPE
G,.JBIG2,.JB2,.eps]
(grfext)             \AppendGraphicsExtensions on input line 456.

(/usr/local/texlive/2018/texmf-dist/tex/latex/latexconfig/epstopdf-sys.cfg
File: epstopdf-sys.cfg 2010/07/13 v1.3 Configuration of (r)epstopdf for TeX Liv
e
))
Package caption Info: Begin \AtBeginDocument code.
Package caption Info: subfig package v1.3 is loaded.
Package caption Info: End \AtBeginDocument code.
LaTeX Font Info:    Try loading font information for U+msa on input line 11.

(/usr/local/texlive/2018/texmf-dist/tex/latex/amsfonts/umsa.fd
File: umsa.fd 2013/01/14 v3.01 AMS symbols A
)
LaTeX Font Info:    Try loading font information for U+msb on input line 11.

(/usr/local/texlive/2018/texmf-dist/tex/latex/amsfonts/umsb.fd
File: umsb.fd 2013/01/14 v3.01 AMS symbols B
)

LaTeX Warning: Citation `Maldacena:1997re' on page 1 undefined on input line 44
.


LaTeX Warning: Citation `Gubser:1998bc' on page 1 undefined on input line 44.


LaTeX Warning: Citation `Witten:1998qj' on page 1 undefined on input line 44.

[1

{/usr/local/texlive/2018/texmf-var/fonts/map/pdftex/updmap/pdftex.map}]

LaTeX Warning: Citation `Bantilan:2017kok' on page 2 undefined on input line 62
.

[2]

LaTeX Warning: Citation `Pretorius:2004jg' on page 3 undefined on input line 11
2.


LaTeX Warning: Citation `Bantilan:2012vu' on page 3 undefined on input line 112
.


LaTeX Warning: Citation `PAMR' on page 3 undefined on input line 114.

[3]

LaTeX Warning: Citation `kreiss1973methods' on page 4 undefined on input line 1
22.


LaTeX Warning: Citation `Bantilan:2012vu' on page 4 undefined on input line 139
.

[4]
Overfull \hbox (48.48875pt too wide) in alignment at lines 148--157
 [] [] [] [] 
 []


Overfull \hbox (13.90086pt too wide) in alignment at lines 158--163
 [] [] [] [] 
 []


Overfull \hbox (38.98482pt too wide) in alignment at lines 164--169
 [] [] [] [] 
 []


Overfull \hbox (37.48251pt too wide) in alignment at lines 170--175
 [] [] [] [] 
 []


Overfull \hbox (2.23868pt too wide) in alignment at lines 187--194
 [] [] [] [] 
 []

[5]
Overfull \hbox (32.01006pt too wide) in alignment at lines 213--217
 [] [] [] [] 
 []


Overfull \hbox (0.69537pt too wide) in alignment at lines 218--226
 [] [] [] [] 
 []


Overfull \hbox (8.76274pt too wide) in alignment at lines 233--239
 [] [] [] [] 
 []

[6]
<plots/bulkplots/L3/phi1/phi1_L3_snapshots_2.pdf, id=34, 939.51pt x 313.17pt>
File: plots/bulkplots/L3/phi1/phi1_L3_snapshots_2.pdf Graphic file (type pdf)
<use plots/bulkplots/L3/phi1/phi1_L3_snapshots_2.pdf>
Package pdftex.def Info: plots/bulkplots/L3/phi1/phi1_L3_snapshots_2.pdf  used 
on input line 273.
(pdftex.def)             Requested size: 505.89pt x 168.62663pt.

Overfull \hbox (59.49004pt too wide) in paragraph at lines 273--276
 [][] 
 []

<plots/timeseries/AdSmass/fullplotAdSmassL1L2L3res-cropped.pdf, id=36, 601.4767
9pt x 420.87035pt>
File: plots/timeseries/AdSmass/fullplotAdSmassL1L2L3res-cropped.pdf Graphic fil
e (type pdf)
<use plots/timeseries/AdSmass/fullplotAdSmassL1L2L3res-cropped.pdf>
Package pdftex.def Info: plots/timeseries/AdSmass/fullplotAdSmassL1L2L3res-crop
ped.pdf  used on input line 280.
(pdftex.def)             Requested size: 289.07999pt x 202.27876pt.
<plots/timeseries/L2norm_iresallconvergence/fullplotiresallconvergenceL1L2L3res
-cropped.pdf, id=38, 601.99759pt x 437.49382pt>
File: plots/timeseries/L2norm_iresallconvergence/fullplotiresallconvergenceL1L2
L3res-cropped.pdf Graphic file (type pdf)
<use plots/timeseries/L2norm_iresallconvergence/fullplotiresallconvergenceL1L2L
3res-cropped.pdf>
Package pdftex.def Info: plots/timeseries/L2norm_iresallconvergence/fullplotire
sallconvergenceL1L2L3res-cropped.pdf  used on input line 287.
(pdftex.def)             Requested size: 289.07999pt x 210.0881pt.

LaTeX Warning: `h' float specifier changed to `ht'.

<plots/timeseries/L2norm_quasiset_trace/fullplotL2normtraceL2L3res-cropped.pdf,
 id=40, 602.11504pt x 408.70201pt>
File: plots/timeseries/L2norm_quasiset_trace/fullplotL2normtraceL2L3res-cropped
.pdf Graphic file (type pdf)
<use plots/timeseries/L2norm_quasiset_trace/fullplotL2normtraceL2L3res-cropped.
pdf>
Package pdftex.def Info: plots/timeseries/L2norm_quasiset_trace/fullplotL2normt
raceL2L3res-cropped.pdf  used on input line 294.
(pdftex.def)             Requested size: 289.07999pt x 196.22462pt.

LaTeX Warning: `h' float specifier changed to `ht'.

</Users/lorenzorossi/Desktop/PhD/Research/Codes/lrossi_PAMR_AMRD_codes/Paper1/2
019_3p1/plots/bulkplots/L2/relkretsch/fullplotxcoordrelkretschL2res-cropped.pdf
, id=42, 601.38017pt x 406.53189pt>
File: /Users/lorenzorossi/Desktop/PhD/Research/Codes/lrossi_PAMR_AMRD_codes/Pap
er1/2019_3p1/plots/bulkplots/L2/relkretsch/fullplotxcoordrelkretschL2res-croppe
d.pdf Graphic file (type pdf)
<use /Users/lorenzorossi/Desktop/PhD/Research/Codes/lrossi_PAMR_AMRD_codes/Pape
r1/2019_3p1/plots/bulkplots/L2/relkretsch/fullplotxcoordrelkretschL2res-cropped
.pdf>
Package pdftex.def Info: /Users/lorenzorossi/Desktop/PhD/Research/Codes/lrossi_
PAMR_AMRD_codes/Paper1/2019_3p1/plots/bulkplots/L2/relkretsch/fullplotxcoordrel
kretschL2res-cropped.pdf  used on input line 301.
(pdftex.def)             Requested size: 216.81pt x 146.56227pt.
</Users/lorenzorossi/Desktop/PhD/Research/Codes/lrossi_PAMR_AMRD_codes/Paper1/2
019_3p1/plots/bulkplots/L2/relkretsch/fullplotycoordrelkretschL2res-cropped.pdf
, id=43, 601.23676pt x 407.3667pt>
File: /Users/lorenzorossi/Desktop/PhD/Research/Codes/lrossi_PAMR_AMRD_codes/Pap
er1/2019_3p1/plots/bulkplots/L2/relkretsch/fullplotycoordrelkretschL2res-croppe
d.pdf Graphic file (type pdf)
<use /Users/lorenzorossi/Desktop/PhD/Research/Codes/lrossi_PAMR_AMRD_codes/Pape
r1/2019_3p1/plots/bulkplots/L2/relkretsch/fullplotycoordrelkretschL2res-cropped
.pdf>
Package pdftex.def Info: /Users/lorenzorossi/Desktop/PhD/Research/Codes/lrossi_
PAMR_AMRD_codes/Paper1/2019_3p1/plots/bulkplots/L2/relkretsch/fullplotycoordrel
kretschL2res-cropped.pdf  used on input line 303.
(pdftex.def)             Requested size: 216.81pt x 146.89432pt.

Overfull \hbox (20.05328pt too wide) in paragraph at lines 301--304
 [][]| [] 
 []

[7 <./plots/bulkplots/L3/phi1/phi1_L3_snapshots_2.pdf> <./plots/timeseries/AdSm
ass/fullplotAdSmassL1L2L3res-cropped.pdf>] [8 <./plots/timeseries/L2norm_iresal
lconvergence/fullplotiresallconvergenceL1L2L3res-cropped.pdf> <./plots/timeseri
es/L2norm_quasiset_trace/fullplotL2normtraceL2L3res-cropped.pdf>]

LaTeX Warning: Citation `Gundlach:2005eh' on page 9 undefined on input line 333
.

[9 </Users/lorenzorossi/Desktop/PhD/Research/Codes/lrossi_PAMR_AMRD_codes/Paper
1/2019_3p1/plots/bulkplots/L2/relkretsch/fullplotxcoordrelkretschL2res-cropped.
pdf> </Users/lorenzorossi/Desktop/PhD/Research/Codes/lrossi_PAMR_AMRD_codes/Pap
er1/2019_3p1/plots/bulkplots/L2/relkretsch/fullplotycoordrelkretschL2res-croppe
d.pdf>]
No file 3p1.bbl.
[10] (./3p1.aux)

LaTeX Warning: There were undefined references.

 ) 
Here is how much of TeX's memory you used:
 3397 strings out of 492649
 51627 string characters out of 6129622
 129569 words of memory out of 5000000
 7235 multiletter control sequences out of 15000+600000
 11720 words of font info for 46 fonts, out of 8000000 for 9000
 1141 hyphenation exceptions out of 8191
 44i,9n,49p,404b,395s stack positions out of 5000i,500n,10000p,200000b,80000s
</usr/local/texlive/2018/texmf-dist/fonts/type1/public/amsfonts/cm/cmbx10.pfb
></usr/local/texlive/2018/texmf-dist/fonts/type1/public/amsfonts/cm/cmbx12.pfb>
</usr/local/texlive/2018/texmf-dist/fonts/type1/public/amsfonts/cm/cmex10.pfb><
/usr/local/texlive/2018/texmf-dist/fonts/type1/public/amsfonts/cm/cmmi12.pfb></
usr/local/texlive/2018/texmf-dist/fonts/type1/public/amsfonts/cm/cmmi8.pfb></us
r/local/texlive/2018/texmf-dist/fonts/type1/public/amsfonts/cm/cmr10.pfb></usr/
local/texlive/2018/texmf-dist/fonts/type1/public/amsfonts/cm/cmr12.pfb></usr/lo
cal/texlive/2018/texmf-dist/fonts/type1/public/amsfonts/cm/cmr7.pfb></usr/local
/texlive/2018/texmf-dist/fonts/type1/public/amsfonts/cm/cmr8.pfb></usr/local/te
xlive/2018/texmf-dist/fonts/type1/public/amsfonts/cm/cmsy10.pfb></usr/local/tex
live/2018/texmf-dist/fonts/type1/public/amsfonts/cm/cmsy8.pfb></usr/local/texli
ve/2018/texmf-dist/fonts/type1/public/amsfonts/cm/cmtt10.pfb></usr/local/texliv
e/2018/texmf-dist/fonts/type1/public/amsfonts/symbols/msam10.pfb>
Output written on 3p1.pdf (10 pages, 2827321 bytes).
PDF statistics:
 323 PDF objects out of 1000 (max. 8388607)
 230 compressed objects within 3 object streams
 0 named destinations out of 1000 (max. 500000)
 55 words of extra memory for PDF output out of 10000 (max. 10000000)

